<?xml version="1.0" encoding="UTF-8"?>
<!-- Generated by org.testng.reporters.JUnitReportReporter -->
<testsuite hostname="ae-x.local" failures="0" tests="13" name="testcases.TC13" time="30.756" errors="0" timestamp="2024-04-16T16:20:01 PDT" skipped="0">
  <testcase classname="testcases.TC13" name="verifyButtonNavigation" time="1.574"/>
  <testcase classname="testcases.TC13" name="verifyProductAddedToCart" time="0.141"/>
  <testcase classname="testcases.TC13" name="verifyCustomerDetails" time="0.236"/>
  <testcase classname="testcases.TC13" name="verifyCustomerDetailsCanEdit" time="1.812"/>
  <testcase classname="testcases.TC13" name="verifyCheckoutNavigation" time="3.165"/>
  <testcase classname="testcases.TC13" name="verifyProductDetails" time="2.496"/>
  <testcase classname="testcases.TC13" name="verifyOrderDetailsCheckoutButton" time="0.002"/>
  <testcase classname="testcases.TC13" name="verifyPaymentsAvailable" time="0.302"/>
  <testcase classname="testcases.TC13" name="verifyPaymentSelectionAndNavigation" time="1.292"/>
  <testcase classname="testcases.TC13" name="verifyOrder" time="0.868"/>
  <testcase classname="testcases.TC13" name="verifyCardEntryAndPay" time="8.325"/>
  <testcase classname="testcases.TC13" name="verifyTransactionDetailsPage" time="0.444"/>
  <testcase classname="testcases.TC13" name="verifyValidOTP" time="10.099"/>
</testsuite> <!-- testcases.TC13 -->
