<?xml version="1.0" encoding="UTF-8"?>
<!-- Generated by org.testng.reporters.JUnitReportReporter -->
<testsuite hostname="ae-x.local" failures="0" tests="13" name="testcases.TC15" time="30.679" errors="0" timestamp="2024-04-16T16:20:01 PDT" skipped="0">
  <testcase classname="testcases.TC15" name="verifyButtonNavigation" time="1.451"/>
  <testcase classname="testcases.TC15" name="verifyProductAddedToCart" time="0.132"/>
  <testcase classname="testcases.TC15" name="verifyCustomerDetails" time="0.226"/>
  <testcase classname="testcases.TC15" name="verifyCustomerDetailsCanEdit" time="1.881"/>
  <testcase classname="testcases.TC15" name="verifyCheckoutNavigation" time="3.178"/>
  <testcase classname="testcases.TC15" name="verifyProductDetails" time="2.681"/>
  <testcase classname="testcases.TC15" name="verifyOrderDetailsCheckoutButton" time="0.001"/>
  <testcase classname="testcases.TC15" name="verifyPaymentsAvailable" time="0.423"/>
  <testcase classname="testcases.TC15" name="verifyPaymentSelectionAndNavigation" time="1.357"/>
  <testcase classname="testcases.TC15" name="verifyOrder" time="1.313"/>
  <testcase classname="testcases.TC15" name="verifyCardEntryAndPay" time="8.293"/>
  <testcase classname="testcases.TC15" name="verifyTransactionDetailsPage" time="0.341"/>
  <testcase classname="testcases.TC15" name="verifyCancelOrder" time="9.402"/>
</testsuite> <!-- testcases.TC15 -->
