<?xml version="1.0" encoding="UTF-8"?>
<!-- Generated by org.testng.reporters.JUnitReportReporter -->
<testsuite hostname="ae-x.local" failures="0" tests="13" name="testcases.TC14" time="29.466" errors="0" timestamp="2024-04-16T16:20:01 PDT" skipped="0">
  <testcase classname="testcases.TC14" name="verifyButtonNavigation" time="1.375"/>
  <testcase classname="testcases.TC14" name="verifyProductAddedToCart" time="0.101"/>
  <testcase classname="testcases.TC14" name="verifyCustomerDetails" time="0.207"/>
  <testcase classname="testcases.TC14" name="verifyCustomerDetailsCanEdit" time="1.689"/>
  <testcase classname="testcases.TC14" name="verifyCheckoutNavigation" time="3.175"/>
  <testcase classname="testcases.TC14" name="verifyProductDetails" time="2.443"/>
  <testcase classname="testcases.TC14" name="verifyOrderDetailsCheckoutButton" time="0.001"/>
  <testcase classname="testcases.TC14" name="verifyPaymentsAvailable" time="0.296"/>
  <testcase classname="testcases.TC14" name="verifyPaymentSelectionAndNavigation" time="1.259"/>
  <testcase classname="testcases.TC14" name="verifyOrder" time="0.777"/>
  <testcase classname="testcases.TC14" name="verifyCardEntryAndPay" time="8.312"/>
  <testcase classname="testcases.TC14" name="verifyTransactionDetailsPage" time="0.362"/>
  <testcase classname="testcases.TC14" name="verifyInvalidOTP" time="9.469"/>
</testsuite> <!-- testcases.TC14 -->
